MPASM  5.43                          MAIN.ASM   6-17-2025  13:08:35         PAGE  1


LOC  OBJECT CODE     LINE SOURCE TEXT
  VALUE

                      00001 ;===============================
                      00002 ; Interactive LCD Digit Entry with Lock
                      00003 ;===============================
                      00004 
                      00005     LIST P=16F877A
                      00006     #include <P16F877A.INC>
                      00001         LIST
                      00002 ; P16F877A.INC  Standard Header File, Version 1.00    Microchip Technology, Inc.
                      00398         LIST
2007   3731           00007     __CONFIG 0x3731  ; HS oscillator, WDT off, PWRTE on, LVP off
                      00008 
                      00009 ;===============================
                      00010 ; Variables
                      00011 ;===============================
                      00012     cblock 0x20
  00000020            00013         BlinkCount
  00000021            00014         DigitValue
  00000022            00015         InactivityCounter
  00000023            00016         CurrentPos        ; Holds LCD DDRAM address (0xC0, 0xC2, 0xC4, ...)
                      00017     endc
                      00018 
                      00019 ;===============================
                      00020 ; Reset Vector
                      00021 ;===============================
0000                  00022     ORG 0x00
0000   2801           00023     GOTO START
                      00024 
                      00025 ;===============================
                      00026 ; Main Program
                      00027 ;===============================
0001                  00028 START:
                      00029     ; Set RD as output
0001   1683 1303      00030     BANKSEL TRISD
Message[302]: Register in operand not in bank 0.  Ensure that bank bits are correct.
0003   0188           00031     CLRF TRISD
                      00032 
                      00033     ; Set RB0 as input (button)
0004   1683 1303      00034     BANKSEL TRISB
Message[302]: Register in operand not in bank 0.  Ensure that bank bits are correct.
0006   1406           00035     BSF TRISB, 0
                      00036 
                      00037     ; Clear ports
0007   1283 1303      00038     BANKSEL PORTD
0009   0188           00039     CLRF PORTD
000A   1283 1303      00040     BANKSEL PORTB
000C   0186           00041     CLRF PORTB
                      00042 
                      00043     ; Init LCD
000D   20BC           00044     CALL inid
                      00045 
                      00046 ;===============================
                      00047 ; Blink "Welcome to / Division" 3x
                      00048 ;===============================
MPASM  5.43                          MAIN.ASM   6-17-2025  13:08:35         PAGE  2


LOC  OBJECT CODE     LINE SOURCE TEXT
  VALUE

000E   3003           00049     MOVLW 3
000F   00A0           00050     MOVWF BlinkCount
                      00051 
0010                  00052 welcome_loop:
0010   2056           00053     CALL display_welcome
0011   2093           00054     CALL half_second_delay
0012   2084           00055     CALL clear_display
0013   2093           00056     CALL half_second_delay
0014   0BA0           00057     DECFSZ BlinkCount, F
0015   2810           00058     GOTO welcome_loop
                      00059 
0016   2056           00060     CALL display_welcome
0017   2096           00061     CALL two_second_delay
                      00062 
                      00063 ;===============================
                      00064 ; Show "Number 1"
                      00065 ;===============================
0018   2084           00066     CALL clear_display
0019   10F4           00067     BCF Select, RS
001A   3080           00068     MOVLW 0x80
001B   20AC           00069     CALL send
                      00070 
001C   304E           00071     MOVLW 'N'
001D   2081           00072     CALL display_char
001E   3075           00073     MOVLW 'u'
001F   2081           00074     CALL display_char
0020   306D           00075     MOVLW 'm'
0021   2081           00076     CALL display_char
0022   3062           00077     MOVLW 'b'
0023   2081           00078     CALL display_char
0024   3065           00079     MOVLW 'e'
0025   2081           00080     CALL display_char
0026   3072           00081     MOVLW 'r'
0027   2081           00082     CALL display_char
0028   3020           00083     MOVLW ' '
0029   2081           00084     CALL display_char
002A   3031           00085     MOVLW '1'
002B   2081           00086     CALL display_char
                      00087 
                      00088     ; Move to second row
002C   10F4           00089     BCF Select, RS
002D   30C0           00090     MOVLW 0xC0
002E   20AC           00091     CALL send
                      00092 
                      00093     ; Enable cursor blinking
002F   300F           00094     MOVLW 0x0F
0030   20AC           00095     CALL send
                      00096 
                      00097     ; Init
0031   01A1           00098     CLRF DigitValue
0032   01A2           00099     CLRF InactivityCounter
0033   30C0           00100     MOVLW 0xC0
0034   00A3           00101     MOVWF CurrentPos
MPASM  5.43                          MAIN.ASM   6-17-2025  13:08:35         PAGE  3


LOC  OBJECT CODE     LINE SOURCE TEXT
  VALUE

                      00102 
                      00103 ;===============================
                      00104 ; Digit Entry (4 digits max)
                      00105 ;===============================
0035                  00106 NextDigit:
0035   01A2           00107     CLRF InactivityCounter
                      00108 
0036                  00109 DigitInputLoop:
                      00110     ; Set cursor
0036   0823           00111     MOVF CurrentPos, W
0037   2053           00112     CALL set_cursor
                      00113 
                      00114     ; Show digit
0038   0821           00115     MOVF DigitValue, W
0039   3E30           00116     ADDLW '0'
003A   2081           00117     CALL display_char
                      00118 
003B   208A           00119     CALL quarter_second_delay
                      00120 
                      00121     ; Check RB0 press
003C   1C06           00122     BTFSS PORTB, 0
003D   284C           00123     GOTO button_pressed
                      00124 
                      00125     ; Not pressed
003E   0AA2           00126     INCF InactivityCounter, F
003F   0822           00127     MOVF InactivityCounter, W
0040   3C04           00128     SUBLW D'4'
0041   1D03           00129     BTFSS STATUS, Z
0042   2836           00130     GOTO DigitInputLoop
                      00131 
                      00132     ; Lock digit
0043   300C           00133     MOVLW 0x0C
0044   20AC           00134     CALL send
                      00135 
                      00136     ; Move to next position (C0, C2, C4, C6)
0045   0AA3           00137     INCF CurrentPos, F
0046   0AA3           00138     INCF CurrentPos, F
                      00139 
                      00140     ; Stop after 4 digits
0047   30C8           00141     MOVLW 0xC8        ; max pos = 0xC6
0048   0223           00142     SUBWF CurrentPos, W
0049   1C03           00143     BTFSS STATUS, C
004A   2835           00144     GOTO NextDigit
                      00145 
004B   289B           00146     GOTO IDLE
                      00147 
004C                  00148 button_pressed:
004C   01A2           00149     CLRF InactivityCounter
004D   0AA1           00150     INCF DigitValue, F
004E   0821           00151     MOVF DigitValue, W
004F   3C0A           00152     SUBLW D'10'
0050   1C03           00153     BTFSS STATUS, C
0051   01A1           00154     CLRF DigitValue
MPASM  5.43                          MAIN.ASM   6-17-2025  13:08:35         PAGE  4


LOC  OBJECT CODE     LINE SOURCE TEXT
  VALUE

0052   2836           00155     GOTO DigitInputLoop
                      00156 
                      00157 ;===============================
                      00158 ; set_cursor: Set LCD cursor
                      00159 ;===============================
0053                  00160 set_cursor:
0053   10F4           00161     BCF Select, RS
0054   20AC           00162     CALL send
0055   0008           00163     RETURN
                      00164 
                      00165 ;===============================
                      00166 ; display_welcome
                      00167 ;===============================
0056                  00168 display_welcome:
0056   10F4           00169     BCF Select, RS
0057   3080           00170     MOVLW 0x80
0058   20AC           00171     CALL send
0059   3057           00172     MOVLW 'W'
005A   2081           00173     CALL display_char
005B   3065           00174     MOVLW 'e'
005C   2081           00175     CALL display_char
005D   306C           00176     MOVLW 'l'
005E   2081           00177     CALL display_char
005F   3063           00178     MOVLW 'c'
0060   2081           00179     CALL display_char
0061   306F           00180     MOVLW 'o'
0062   2081           00181     CALL display_char
0063   306D           00182     MOVLW 'm'
0064   2081           00183     CALL display_char
0065   3065           00184     MOVLW 'e'
0066   2081           00185     CALL display_char
0067   3020           00186     MOVLW ' '
0068   2081           00187     CALL display_char
0069   3074           00188     MOVLW 't'
006A   2081           00189     CALL display_char
006B   306F           00190     MOVLW 'o'
006C   2081           00191     CALL display_char
                      00192 
006D   10F4           00193     BCF Select, RS
006E   30C0           00194     MOVLW 0xC0
006F   20AC           00195     CALL send
0070   3044           00196     MOVLW 'D'
0071   2081           00197     CALL display_char
0072   3069           00198     MOVLW 'i'
0073   2081           00199     CALL display_char
0074   3076           00200     MOVLW 'v'
0075   2081           00201     CALL display_char
0076   3069           00202     MOVLW 'i'
0077   2081           00203     CALL display_char
0078   3073           00204     MOVLW 's'
0079   2081           00205     CALL display_char
007A   3069           00206     MOVLW 'i'
007B   2081           00207     CALL display_char
MPASM  5.43                          MAIN.ASM   6-17-2025  13:08:35         PAGE  5


LOC  OBJECT CODE     LINE SOURCE TEXT
  VALUE

007C   306F           00208     MOVLW 'o'
007D   2081           00209     CALL display_char
007E   306E           00210     MOVLW 'n'
007F   2081           00211     CALL display_char
0080   0008           00212     RETURN
                      00213 
                      00214 ;===============================
                      00215 ; display_char: WREG ? LCD
                      00216 ;===============================
0081                  00217 display_char:
0081   14F4           00218     BSF Select, RS
0082   20AC           00219     CALL send
0083   0008           00220     RETURN
                      00221 
                      00222 ;===============================
                      00223 ; clear_display
                      00224 ;===============================
0084                  00225 clear_display:
0084   10F4           00226     BCF Select, RS
0085   3001           00227     MOVLW 0x01
0086   20AC           00228     CALL send
0087   3005           00229     MOVLW D'5'
0088   20A2           00230     CALL xms
0089   0008           00231     RETURN
                      00232 
                      00233 ;===============================
                      00234 ; Delays
                      00235 ;===============================
008A                  00236 quarter_second_delay:
008A   303E           00237     MOVLW D'62'
008B   20A2           00238     CALL xms
008C   303F           00239     MOVLW D'63'
008D   20A2           00240     CALL xms
008E   303F           00241     MOVLW D'63'
008F   20A2           00242     CALL xms
0090   303E           00243     MOVLW D'62'
0091   20A2           00244     CALL xms
0092   0008           00245     RETURN
                      00246 
0093                  00247 half_second_delay:
0093   208A           00248     CALL quarter_second_delay
0094   208A           00249     CALL quarter_second_delay
0095   0008           00250     RETURN
                      00251 
0096                  00252 two_second_delay:
0096   2093           00253     CALL half_second_delay
0097   2093           00254     CALL half_second_delay
0098   2093           00255     CALL half_second_delay
0099   2093           00256     CALL half_second_delay
009A   0008           00257     RETURN
                      00258 
                      00259 ;===============================
                      00260 ; IDLE (End)
MPASM  5.43                          MAIN.ASM   6-17-2025  13:08:35         PAGE  6


LOC  OBJECT CODE     LINE SOURCE TEXT
  VALUE

                      00261 ;===============================
009B                  00262 IDLE:
009B   289B           00263     GOTO IDLE
                      00264 
                      00265 ;===============================
                      00266 ; Include LCD Driver
                      00267 ;===============================
                      00268     INCLUDE "LCDIS.INC"
                      00001 ;--------------------------------------------------------------
                      00002 ;       LCDIS.INC               MPB     19-12-05
                      00003 ;
                      00004 ;       Include file to operate 16x2 LCD display
                      00005 ;       Uses GPR 70 - 75
                      00006 ;       
                      00007 ;       Final version
                      00008 ;--------------------------------------------------------------
                      00009 
  00000070            00010 Timer1  EQU     70              ; 1ms count register
  00000071            00011 TimerX  EQU     71              ; Xms count register
  00000072            00012 Var     EQU     72              ; Output variable
  00000073            00013 Point   EQU     73              ; Program table pointer
  00000074            00014 Select  EQU     74              ; Used to set or clear RS bit
  00000075            00015 OutCod  EQU     75              ; Temp store for output code
                      00016 
  00000001            00017 RS      EQU     1               ; Register select output bit
  00000002            00018 E       EQU     2               ; Enable display input
                      00019 
                      00020 
                      00021 ;--------------------------------------------------------------
                      00022 ;       1ms delay with 1us cycle time (1000 cycles)
                      00023 ;--------------------------------------------------------------
009C   30F9           00024 onems   MOVLW   D'249'          ; Count for 1ms delay 
009D   00F0           00025                 MOVWF   Timer1          ; Load count    2 + (1 + 1 + 2) * 248 + 1 + 2 + 2
009E   0000           00026 loop1   NOP                     ; Pad for 4 cycle loop
Message[305]: Using default destination of 1 (file).
009F   0BF0           00027                 DECFSZ  Timer1          ; Count
00A0   289E           00028                 GOTO    loop1           ; until Z
00A1   0008           00029                 RETURN                  ; and finish
                      00030 
                      00031 ;--------------------------------------------------------------
                      00032 ;       Delay Xms
                      00033 ;       Receives count in W, uses Onems
                      00034 ;--------------------------------------------------------------
00A2   00F1           00035 xms             MOVWF   TimerX          ; Count for X ms
00A3   209C           00036 loopX   CALL    onems           ; Delay 1ms
Message[305]: Using default destination of 1 (file).
00A4   0BF1           00037                 DECFSZ  TimerX          ; Repeat X times 
00A5   28A3           00038                 GOTO    loopX           ; until Z
00A6   0008           00039                 RETURN                  ; and finish
                      00040 
                      00041 ;--------------------------------------------------------------
                      00042 ;       Generate data/command clock siganl E
                      00043 ;--------------------------------------------------------------
MPASM  5.43                          MAIN.ASM   6-17-2025  13:08:35         PAGE  7


LOC  OBJECT CODE     LINE SOURCE TEXT
  VALUE

00A7   1508           00044 pulseE  BSF     PORTD,E         ; Set E high
00A8   209C           00045         CALL    onems           ; Delay 1ms
00A9   1108           00046         BCF     PORTD,E         ; Reset E low
00AA   209C           00047         CALL    onems           ; Delay 1ms
00AB   0008           00048         RETURN                  ; done
                      00049 
                      00050 ;--------------------------------------------------------------
                      00051 ;       Send a command byte in two nibbles from RB4 - RB7
                      00052 ;       Receives command in W, uses PulseE and Onems
                      00053 ;--------------------------------------------------------------
00AC   00F5           00054 send    MOVWF   OutCod          ; Store output code
00AD   39F0           00055         ANDLW   0F0             ; Clear low nybble
00AE   0088           00056         MOVWF   PORTD           ; Output high nybble
00AF   18F4           00057         BTFSC   Select,RS       ; Test RS bit
00B0   1488           00058         BSF     PORTD,RS        ; and set for data
00B1   20A7           00059         CALL    pulseE          ; and clock display register
00B2   209C           00060         CALL    onems           ; wait 1ms for display
                      00061 
Message[305]: Using default destination of 1 (file).
00B3   0EF5           00062         SWAPF   OutCod          ; Swap low and high nybbles 
00B4   0875           00063         MOVF    OutCod,W        ; Retrieve output code
00B5   39F0           00064         ANDLW   0F0             ; Clear low nybble
00B6   0088           00065         MOVWF   PORTD           ; Output low nybble
00B7   18F4           00066         BTFSC   Select,RS       ; Test RS bit
00B8   1488           00067         BSF     PORTD,RS        ; and set for data
00B9   20A7           00068         CALL    pulseE          ; and clock display register
00BA   209C           00069         CALL    onems           ; wait 1ms for display
00BB   0008           00070         RETURN                  ; done
                      00071 
                      00072 ;--------------------------------------------------------------
                      00073 ;       Initialise the display
                      00074 ;       Uses Send
                      00075 ;--------------------------------------------------------------
00BC   3064           00076 inid    MOVLW   D'100'          ; Load count for 100ms delay
00BD   20A2           00077         CALL    xms             ; and wait for display start
00BE   30F0           00078         MOVLW   0F0             ; Mask for select code
00BF   00F4           00079         MOVWF   Select          ; High nybble not masked
                      00080 
00C0   3030           00081         MOVLW   0x30            ; Load initial nibble
00C1   0088           00082         MOVWF   PORTD           ; and output it to display
00C2   20A7           00083         CALL    pulseE          ; Latch initial code
00C3   3005           00084         MOVLW   D'5'            ; Set delay 5ms
00C4   20A2           00085         CALL    xms             ; and wait
00C5   20A7           00086         CALL    pulseE          ; Latch initial code again
00C6   209C           00087         CALL    onems           ; Wait 1ms
00C7   20A7           00088         CALL    pulseE          ; Latch initial code again
00C8   1208           00089         BCF     PORTD,4         ; Set 4-bit mode
00C9   20A7           00090         CALL    pulseE          ; Latch it
                      00091         
00CA   3028           00092         MOVLW   0x28            ; Set 4-bit mode, 2 lines
00CB   20AC           00093         CALL    send            ; and send code
00CC   3008           00094         MOVLW   0x08            ; Switch off display
00CD   20AC           00095         CALL    send            ; and send code
MPASM  5.43                          MAIN.ASM   6-17-2025  13:08:35         PAGE  8


LOC  OBJECT CODE     LINE SOURCE TEXT
  VALUE

00CE   3001           00096         MOVLW   0x01            ; Code to clear display
00CF   20AC           00097         CALL    send            ; and send code
00D0   3006           00098         MOVLW   0x06            ; Enable cursor auto inc  
00D1   20AC           00099         CALL    send            ; and send code
00D2   3080           00100         MOVLW   0x80            ; Zero display address
00D3   20AC           00101         CALL    send            ; and send code
00D4   300C           00102         MOVLW   0x0C            ; Turn on display  
00D5   20AC           00103         CALL    send            ; and send code
                      00104 
00D6   0008           00105         RETURN                  ; Done
                      00106 
                      00107 ;--------------------------------------------------------------
                      00269 
                      00270     END
MPASM  5.43                          MAIN.ASM   6-17-2025  13:08:35         PAGE  9


SYMBOL TABLE
  LABEL                             VALUE 

ACKDT                             00000005
ACKEN                             00000004
ACKSTAT                           00000006
ADCON0                            0000001F
ADCON1                            0000009F
ADCS0                             00000006
ADCS1                             00000007
ADDEN                             00000003
ADFM                              00000007
ADIE                              00000006
ADIF                              00000006
ADON                              00000000
ADRESH                            0000001E
ADRESL                            0000009E
BCLIE                             00000003
BCLIF                             00000003
BF                                00000000
BRGH                              00000002
BlinkCount                        00000020
C                                 00000000
C1INV                             00000004
C1OUT                             00000006
C2INV                             00000005
C2OUT                             00000007
CCP1CON                           00000017
CCP1IE                            00000002
CCP1IF                            00000002
CCP1M0                            00000000
CCP1M1                            00000001
CCP1M2                            00000002
CCP1M3                            00000003
CCP1X                             00000005
CCP1Y                             00000004
CCP2CON                           0000001D
CCP2IE                            00000000
CCP2IF                            00000000
CCP2M0                            00000000
CCP2M1                            00000001
CCP2M2                            00000002
CCP2M3                            00000003
CCP2X                             00000005
CCP2Y                             00000004
CCPR1H                            00000016
CCPR1L                            00000015
CCPR2H                            0000001C
CCPR2L                            0000001B
CHS0                              00000003
CHS1                              00000004
CHS2                              00000005
CIS                               00000003
CKE                               00000006
CKP                               00000004
CM0                               00000000
MPASM  5.43                          MAIN.ASM   6-17-2025  13:08:35         PAGE 10


SYMBOL TABLE
  LABEL                             VALUE 

CM1                               00000001
CM2                               00000002
CMCON                             0000009C
CMIE                              00000006
CMIF                              00000006
CREN                              00000004
CSRC                              00000007
CVR0                              00000000
CVR1                              00000001
CVR2                              00000002
CVR3                              00000003
CVRCON                            0000009D
CVREN                             00000007
CVROE                             00000006
CVRR                              00000005
CurrentPos                        00000023
D                                 00000005
DATA_ADDRESS                      00000005
DC                                00000001
D_A                               00000005
DigitInputLoop                    00000036
DigitValue                        00000021
E                                 00000002
EEADR                             0000010D
EEADRH                            0000010F
EECON1                            0000018C
EECON2                            0000018D
EEDATA                            0000010C
EEDATH                            0000010E
EEIE                              00000004
EEIF                              00000004
EEPGD                             00000007
F                                 00000001
FERR                              00000002
FSR                               00000004
GCEN                              00000007
GIE                               00000007
GO                                00000002
GO_DONE                           00000002
I2C_DATA                          00000005
I2C_READ                          00000002
I2C_START                         00000003
I2C_STOP                          00000004
IBF                               00000007
IBOV                              00000005
IDLE                              0000009B
INDF                              00000000
INTCON                            0000000B
INTE                              00000004
INTEDG                            00000006
INTF                              00000001
IRP                               00000007
InactivityCounter                 00000022
MPASM  5.43                          MAIN.ASM   6-17-2025  13:08:35         PAGE 11


SYMBOL TABLE
  LABEL                             VALUE 

NOT_A                             00000005
NOT_ADDRESS                       00000005
NOT_BO                            00000000
NOT_BOR                           00000000
NOT_DONE                          00000002
NOT_PD                            00000003
NOT_POR                           00000001
NOT_RBPU                          00000007
NOT_RC8                           00000006
NOT_T1SYNC                        00000002
NOT_TO                            00000004
NOT_TX8                           00000006
NOT_W                             00000002
NOT_WRITE                         00000002
NextDigit                         00000035
OBF                               00000006
OERR                              00000001
OPTION_REG                        00000081
OutCod                            00000075
P                                 00000004
PCFG0                             00000000
PCFG1                             00000001
PCFG2                             00000002
PCFG3                             00000003
PCL                               00000002
PCLATH                            0000000A
PCON                              0000008E
PEIE                              00000006
PEN                               00000002
PIE1                              0000008C
PIE2                              0000008D
PIR1                              0000000C
PIR2                              0000000D
PORTA                             00000005
PORTB                             00000006
PORTC                             00000007
PORTD                             00000008
PORTE                             00000009
PR2                               00000092
PS0                               00000000
PS1                               00000001
PS2                               00000002
PSA                               00000003
PSPIE                             00000007
PSPIF                             00000007
PSPMODE                           00000004
Point                             00000073
R                                 00000002
RBIE                              00000003
RBIF                              00000000
RC8_9                             00000006
RC9                               00000006
RCD8                              00000000
MPASM  5.43                          MAIN.ASM   6-17-2025  13:08:35         PAGE 12


SYMBOL TABLE
  LABEL                             VALUE 

RCEN                              00000003
RCIE                              00000005
RCIF                              00000005
RCREG                             0000001A
RCSTA                             00000018
RD                                00000000
READ_WRITE                        00000002
RP0                               00000005
RP1                               00000006
RS                                00000001
RSEN                              00000001
RX9                               00000006
RX9D                              00000000
R_W                               00000002
S                                 00000003
SEN                               00000000
SMP                               00000007
SPBRG                             00000099
SPEN                              00000007
SREN                              00000005
SSPADD                            00000093
SSPBUF                            00000013
SSPCON                            00000014
SSPCON2                           00000091
SSPEN                             00000005
SSPIE                             00000003
SSPIF                             00000003
SSPM0                             00000000
SSPM1                             00000001
SSPM2                             00000002
SSPM3                             00000003
SSPOV                             00000006
SSPSTAT                           00000094
START                             00000001
STATUS                            00000003
SYNC                              00000004
Select                            00000074
T0CS                              00000005
T0IE                              00000005
T0IF                              00000002
T0SE                              00000004
T1CKPS0                           00000004
T1CKPS1                           00000005
T1CON                             00000010
T1INSYNC                          00000002
T1OSCEN                           00000003
T1SYNC                            00000002
T2CKPS0                           00000000
T2CKPS1                           00000001
T2CON                             00000012
TMR0                              00000001
TMR0IE                            00000005
TMR0IF                            00000002
MPASM  5.43                          MAIN.ASM   6-17-2025  13:08:35         PAGE 13


SYMBOL TABLE
  LABEL                             VALUE 

TMR1CS                            00000001
TMR1H                             0000000F
TMR1IE                            00000000
TMR1IF                            00000000
TMR1L                             0000000E
TMR1ON                            00000000
TMR2                              00000011
TMR2IE                            00000001
TMR2IF                            00000001
TMR2ON                            00000002
TOUTPS0                           00000003
TOUTPS1                           00000004
TOUTPS2                           00000005
TOUTPS3                           00000006
TRISA                             00000085
TRISB                             00000086
TRISC                             00000087
TRISD                             00000088
TRISE                             00000089
TRISE0                            00000000
TRISE1                            00000001
TRISE2                            00000002
TRMT                              00000001
TX8_9                             00000006
TX9                               00000006
TX9D                              00000000
TXD8                              00000000
TXEN                              00000005
TXIE                              00000004
TXIF                              00000004
TXREG                             00000019
TXSTA                             00000098
Timer1                            00000070
TimerX                            00000071
UA                                00000001
Var                               00000072
W                                 00000000
WCOL                              00000007
WR                                00000001
WREN                              00000002
WRERR                             00000003
Z                                 00000002
_BODEN_OFF                        00003FBF
_BODEN_ON                         00003FFF
_CPD_OFF                          00003FFF
_CPD_ON                           00003EFF
_CP_ALL                           00001FFF
_CP_OFF                           00003FFF
_DEBUG_OFF                        00003FFF
_DEBUG_ON                         000037FF
_HS_OSC                           00003FFE
_LP_OSC                           00003FFC
_LVP_OFF                          00003F7F
MPASM  5.43                          MAIN.ASM   6-17-2025  13:08:35         PAGE 14


SYMBOL TABLE
  LABEL                             VALUE 

_LVP_ON                           00003FFF
_PWRTE_OFF                        00003FFF
_PWRTE_ON                         00003FF7
_RC_OSC                           00003FFF
_WDT_OFF                          00003FFB
_WDT_ON                           00003FFF
_WRT_1FOURTH                      00003BFF
_WRT_256                          00003DFF
_WRT_HALF                         000039FF
_WRT_OFF                          00003FFF
_XT_OSC                           00003FFD
__16F877A                         00000001
__DEBUG                           1
button_pressed                    0000004C
clear_display                     00000084
display_char                      00000081
display_welcome                   00000056
half_second_delay                 00000093
inid                              000000BC
loop1                             0000009E
loopX                             000000A3
onems                             0000009C
pulseE                            000000A7
quarter_second_delay              0000008A
send                              000000AC
set_cursor                        00000053
two_second_delay                  00000096
welcome_loop                      00000010
xms                               000000A2


MEMORY USAGE MAP ('X' = Used,  '-' = Unused)

0000 : XXXXXXXXXXXXXXXX XXXXXXXXXXXXXXXX XXXXXXXXXXXXXXXX XXXXXXXXXXXXXXXX
0040 : XXXXXXXXXXXXXXXX XXXXXXXXXXXXXXXX XXXXXXXXXXXXXXXX XXXXXXXXXXXXXXXX
0080 : XXXXXXXXXXXXXXXX XXXXXXXXXXXXXXXX XXXXXXXXXXXXXXXX XXXXXXXXXXXXXXXX
00C0 : XXXXXXXXXXXXXXXX XXXXXXX--------- ---------------- ----------------
2000 : -------X-------- ---------------- ---------------- ----------------

All other memory blocks unused.

Program Memory Words Used:   215
Program Memory Words Free:  7977


Errors   :     0
Warnings :     0 reported,     0 suppressed
Messages :     5 reported,     0 suppressed

